{}[2025-06-29 06:56:23] [INFO] 验证码发送成功: 4538288@qq.com (register), 使用服务商: QQ邮箱
[2025-06-29 06:57:28] [INFO] 验证码验证成功: 4538288@qq.com (register)
[2025-06-29 07:02:22] [INFO] 验证码发送成功: ziyunweier@gmail.com (register), 使用服务商: QQ邮箱
[2025-06-29 07:02:49] [INFO] 验证码验证成功: ziyunweier@gmail.com (register)
[2025-06-29 07:05:29] [INFO] 验证码发送成功: ziyunweier@gmail.com (register), 使用服务商: QQ邮箱
[2025-06-29 07:22:44] [ERROR] 链接验证失败: 验证记录不存在或已过期
[2025-06-29 07:22:52] [ERROR] 链接验证失败: 验证记录不存在或已过期
[2025-06-29 07:22:57] [FATAL] 系统错误: Call to undefined method MailConfig::getResetPasswordTemplate()
[2025-06-29 07:23:00] [FATAL] 系统错误: Call to undefined method MailConfig::getResetPasswordTemplate()
[2025-06-29 07:23:44] [INFO] 验证链接发送成功: ziyunweier@gmail.com (register), 使用服务商: QQ邮箱
[2025-06-29 07:23:47] [ERROR] 发送验证码失败: 请等待 56 秒后再重新发送
[2025-06-29 07:24:06] [INFO] 注册验证成功: ziyunweier@gmail.com
[2025-06-29 08:33:44] [ERROR] 链接验证失败: 验证记录不存在或已过期
[2025-06-29 08:33:59] [INFO] 验证链接发送成功: test@gmail.com (register), 使用服务商: QQ邮箱
[2025-06-29 08:34:51] [INFO] 验证链接发送成功: ziyunweier@gmail.com (register), 使用服务商: QQ邮箱
[2025-06-29 08:35:10] [ERROR] 验证失败: 令牌不匹配 - ziyunweier@gmail.com (register)
[2025-06-29 08:35:10] [ERROR] 链接验证失败: 验证令牌无效
[2025-06-29 08:35:29] [ERROR] 链接验证失败: 该邮箱已注册
[2025-06-29 08:36:20] [ERROR] 链接验证失败: 验证链接已使用，请重新获取
[2025-06-29 08:36:46] [INFO] 验证链接发送成功: ziyunweier@gmail.com (register), 使用服务商: QQ邮箱
[2025-06-29 08:37:00] [ERROR] 链接验证失败: 该邮箱已注册
[2025-06-29 08:40:32] [ERROR] 链接验证失败: 验证链接已使用，请重新获取
[2025-06-29 08:40:54] [INFO] 验证链接发送成功: ziyunweier@gmail.com (register), 使用服务商: QQ邮箱
[2025-06-29 08:42:10] [ERROR] 链接验证失败: 该邮箱已注册
[2025-06-29 08:43:06] [ERROR] 链接验证失败: 验证链接已使用，请重新获取
[2025-06-29 08:43:14] [INFO] 验证链接发送成功: ziyunweier@gmail.com (register), 使用服务商: QQ邮箱
[2025-06-29 08:43:27] [ERROR] 链接验证失败: 该邮箱已注册
[2025-06-29 08:45:05] [ERROR] 链接验证失败: 验证链接已使用，请重新获取
[2025-06-29 08:46:20] [INFO] 验证链接发送成功: ziyunweier@gmail.com (register), 使用服务商: QQ邮箱
[2025-06-29 08:46:36] [ERROR] 链接验证失败: 该邮箱已注册
[2025-06-29 08:47:20] [ERROR] 链接验证失败: 验证链接已使用，请重新获取
[2025-06-29 08:47:37] [INFO] 验证链接发送成功: ziyunweier@gmail.com (register), 使用服务商: QQ邮箱
[2025-06-29 08:47:55] [ERROR] 链接验证失败: 该邮箱已注册
[2025-06-29 08:49:19] [INFO] 验证链接发送成功: 6667268@qq.com (register), 使用服务商: QQ邮箱
[2025-06-29 08:49:39] [INFO] 注册验证成功: 6667268@qq.com
[2025-06-29 08:49:50] [ERROR] 链接验证失败: 验证链接已使用，请重新获取
[2025-06-29 08:49:58] [ERROR] 链接验证失败: 验证链接已使用，请重新获取
[2025-06-29 08:50:22] [INFO] 验证链接发送成功: 6667268@qq.com (register), 使用服务商: QQ邮箱
[2025-06-29 08:57:54] [INFO] 验证链接发送成功: test@example.com (register), 使用服务商: QQ邮箱
[2025-06-29 08:58:26] [INFO] 注册验证成功: test@example.com
[2025-06-29 09:00:04] [INFO] 验证链接发送成功: 6667268@qq.com (register), 使用服务商: QQ邮箱
[2025-06-29 09:00:20] [INFO] 注册验证成功: 6667268@qq.com
[2025-06-29 09:08:00] [INFO] 验证链接发送成功: 6667268@qq.com (register), 使用服务商: QQ邮箱
[2025-06-29 09:08:15] [ERROR] 链接验证失败: 该邮箱已注册
[2025-06-29 09:08:26] [ERROR] 链接验证失败: 验证链接已使用，请重新获取
[2025-06-29 09:09:30] [INFO] 验证链接发送成功: ziyunweier@gmail.com (register), 使用服务商: QQ邮箱
[2025-06-29 09:09:48] [INFO] 注册验证成功: ziyunweier@gmail.com
[2025-06-29 09:17:03] [ERROR] 链接验证失败: 验证链接已使用，请重新获取
[2025-06-29 09:17:10] [ERROR] 发送验证码失败: 密码不能为空
[2025-06-29 09:17:14] [ERROR] 发送验证码失败: 密码不能为空
[2025-06-29 09:17:30] [ERROR] 链接验证失败: 验证链接已使用，请重新获取
[2025-06-29 10:26:55] [INFO] 验证链接发送成功: ziyunweier@gmail.com (register), 使用服务商: QQ邮箱
[2025-06-29 10:27:12] [ERROR] 链接验证失败: 该邮箱已注册
[2025-06-29 11:05:37] [INFO] 验证链接发送成功: ziyunweier@gmail.com (register), 使用服务商: QQ邮箱
[2025-06-29 11:05:51] [ERROR] 链接验证失败: 该邮箱已注册
[2025-06-29 11:06:56] [INFO] 验证链接发送成功: 6667268@qq.com (register), 使用服务商: QQ邮箱
[2025-06-29 11:07:11] [ERROR] 链接验证失败: 该邮箱已注册
[2025-06-29 11:08:08] [ERROR] 链接验证失败: 验证链接已使用，请重新获取
[2025-06-29 11:08:27] [ERROR] 发送验证码失败: 密码不能为空
[2025-06-29 11:08:46] [INFO] 验证链接发送成功: ziyunweier@gmail.com (register), 使用服务商: QQ邮箱
[2025-06-29 11:09:02] [ERROR] 链接验证失败: 该邮箱已注册
[2025-06-29 14:55:47] [ERROR] 链接验证失败: 验证链接已使用，请重新获取
[2025-06-29 14:56:15] [INFO] 验证链接发送成功: ziyunweier@gmail.com (register), 使用服务商: QQ邮箱
[2025-06-29 14:56:42] [INFO] 注册验证成功: ziyunweier@gmail.com
[2025-06-29 14:57:02] [ERROR] 链接验证失败: 验证链接已使用，请重新获取
[2025-06-29 14:58:49] [INFO] 验证链接发送成功: ziyunweier@gmail.com (register), 使用服务商: QQ邮箱
[2025-06-29 14:59:25] [INFO] 注册验证成功: ziyunweier@gmail.com
[2025-06-29 15:00:43] [INFO] 验证链接发送成功: ziyunweier@gmail.com (register), 使用服务商: QQ邮箱
[2025-06-29 15:12:10] [ERROR] 验证失败: 令牌不匹配 - ziyunweier@gmail.com (register)
[2025-06-29 15:12:10] [ERROR] 链接验证失败: 验证令牌无效
[2025-06-29 15:12:35] [INFO] 验证链接发送成功: ziyunweier@gmail.com (register), 使用服务商: QQ邮箱
[2025-06-29 15:12:50] [ERROR] 验证失败: 令牌不匹配 - ziyunweier@gmail.com (register)
[2025-06-29 15:12:50] [ERROR] 链接验证失败: 验证令牌无效
[2025-06-29 15:13:00] [ERROR] 验证失败: 令牌不匹配 - ziyunweier@gmail.com (register)
[2025-06-29 15:13:00] [ERROR] 链接验证失败: 验证令牌无效
[2025-06-29 15:13:20] [ERROR] 验证失败: 令牌不匹配 - ziyunweier@gmail.com (register)
[2025-06-29 15:13:20] [ERROR] 链接验证失败: 验证令牌无效
[2025-06-29 15:14:47] [INFO] 验证链接发送成功: 6667268@qq.com (register), 使用服务商: QQ邮箱
[2025-06-29 15:15:03] [INFO] 注册验证成功: 6667268@qq.com
[2025-06-29 15:17:03] [INFO] 验证链接发送成功: 6667268@qq.com (register), 使用服务商: QQ邮箱
[2025-06-29 15:17:19] [INFO] 注册验证成功: 6667268@qq.com
[2025-06-29 15:51:12] [INFO] 验证链接发送成功: 6667268@qq.com (register), 使用服务商: QQ邮箱
[2025-06-30 06:31:10] [ERROR] 链接验证失败: 验证链接已过期，请重新获取
